2018-08-10 16:33:05.837[main]DEBUGcom.imooc.o2o.dao.ShopDao.insertShop-==>  Preparing: INSERT INTO tb_shop(owner_id, area_id, shop_category_id, shop_name, shop_desc, shop_addr, phone, shop_img, priority, create_time, last_edit_time, enable_status, advice) VALUE (?, ?, ?, ?, ?, ?, ?, ?, ?, ?, ?, ?, ?) 
2018-08-10 16:33:05.873[main]DEBUGcom.imooc.o2o.dao.ShopDao.insertShop-==> Parameters: 1(Long), 1(Integer), 1(Long), 测试的店铺1(String), test(String), test(String), test(String), null, null, 2018-08-10 16:33:05.817(Timestamp), 2018-08-10 16:33:05.817(Timestamp), 0(Integer), 审核中(String)
2018-08-10 16:33:05.961[main]DEBUGcom.imooc.o2o.dao.ShopDao.insertShop-<==    Updates: 1
2018-08-10 16:33:07.087[main]DEBUGcom.imooc.o2o.dao.ShopDao.updateShop-==>  Preparing: UPDATE tb_shop SET shop_name=?, shop_desc=?, shop_addr=?, phone=?, shop_img=?, last_edit_time=?, enable_status=?, advice=?, area_id=?, shop_category_id=? WHERE shop_id=? 
2018-08-10 16:38:31.844[main]DEBUGcom.imooc.o2o.dao.ShopDao.insertShop-==>  Preparing: INSERT INTO tb_shop(owner_id, area_id, shop_category_id, shop_name, shop_desc, shop_addr, phone, shop_img, priority, create_time, last_edit_time, enable_status, advice) VALUE (?, ?, ?, ?, ?, ?, ?, ?, ?, ?, ?, ?, ?) 
2018-08-10 16:38:31.876[main]DEBUGcom.imooc.o2o.dao.ShopDao.insertShop-==> Parameters: 1(Long), 1(Integer), 1(Long), 测试的店铺1(String), test(String), test(String), test(String), null, null, 2018-08-10 16:38:31.824(Timestamp), 2018-08-10 16:38:31.824(Timestamp), 0(Integer), 审核中(String)
2018-08-10 16:38:31.888[main]DEBUGcom.imooc.o2o.dao.ShopDao.insertShop-<==    Updates: 1
2018-08-10 16:38:31.984[main]DEBUGcom.imooc.o2o.util.ImageUtil-current relativeAddr is:/upload/item/shop/3/upload/upload/item/shop/3/item/upload/item/shop/3/shop/upload/item/shop/3/3/upload/item/shop/3/2018081016383121257.JPG
2018-08-10 16:38:31.984[main]DEBUGcom.imooc.o2o.util.ImageUtil-current complete addr is:D:\o2o\image\/upload/item/shop/3/upload/upload/item/shop/3/item/upload/item/shop/3/shop/upload/item/shop/3/3/upload/item/shop/3/2018081016383121257.JPG
2018-08-10 16:38:32.320[main]DEBUGcom.imooc.o2o.dao.ShopDao.updateShop-==>  Preparing: UPDATE tb_shop SET shop_name=?, shop_desc=?, shop_addr=?, phone=?, shop_img=?, last_edit_time=?, enable_status=?, advice=?, area_id=?, shop_category_id=? WHERE shop_id=? 
2018-08-10 16:42:10.404[main]DEBUGcom.imooc.o2o.dao.ShopDao.insertShop-==>  Preparing: INSERT INTO tb_shop(owner_id, area_id, shop_category_id, shop_name, shop_desc, shop_addr, phone, shop_img, priority, create_time, last_edit_time, enable_status, advice) VALUE (?, ?, ?, ?, ?, ?, ?, ?, ?, ?, ?, ?, ?) 
2018-08-10 16:42:10.436[main]DEBUGcom.imooc.o2o.dao.ShopDao.insertShop-==> Parameters: 1(Long), 1(Integer), 1(Long), 测试的店铺1(String), test(String), test(String), test(String), null, null, 2018-08-10 16:42:10.389(Timestamp), 2018-08-10 16:42:10.389(Timestamp), 0(Integer), 审核中(String)
2018-08-10 16:42:10.438[main]DEBUGcom.imooc.o2o.dao.ShopDao.insertShop-<==    Updates: 1
2018-08-10 16:42:10.446[main]DEBUGcom.imooc.o2o.util.ImageUtil-current relativeAddr is:\upload\item\shop\4\2018081016421069524.JPG
2018-08-10 16:42:10.447[main]DEBUGcom.imooc.o2o.util.ImageUtil-current complete addr is:D:\o2o\image\\upload\item\shop\4\2018081016421069524.JPG
2018-08-10 16:42:10.791[main]DEBUGcom.imooc.o2o.dao.ShopDao.updateShop-==>  Preparing: UPDATE tb_shop SET shop_name=?, shop_desc=?, shop_addr=?, phone=?, shop_img=?, last_edit_time=?, enable_status=?, advice=?, area_id=?, shop_category_id=? WHERE shop_id=? 
2018-08-10 16:43:43.150[main]DEBUGcom.imooc.o2o.dao.ShopDao.insertShop-==>  Preparing: INSERT INTO tb_shop(owner_id, area_id, shop_category_id, shop_name, shop_desc, shop_addr, phone, shop_img, priority, create_time, last_edit_time, enable_status, advice) VALUE (?, ?, ?, ?, ?, ?, ?, ?, ?, ?, ?, ?, ?) 
2018-08-10 16:43:43.184[main]DEBUGcom.imooc.o2o.dao.ShopDao.insertShop-==> Parameters: 1(Long), 1(Integer), 1(Long), 测试的店铺1(String), test(String), test(String), test(String), null, null, 2018-08-10 16:43:43.136(Timestamp), 2018-08-10 16:43:43.136(Timestamp), 0(Integer), 审核中(String)
2018-08-10 16:43:43.202[main]DEBUGcom.imooc.o2o.dao.ShopDao.insertShop-<==    Updates: 1
2018-08-10 16:43:43.211[main]DEBUGcom.imooc.o2o.util.ImageUtil-current relativeAddr is:upload\item\shop\5\2018081016434373600.JPG
2018-08-10 16:43:43.211[main]DEBUGcom.imooc.o2o.util.ImageUtil-current complete addr is:D:\o2o\image\upload\item\shop\5\2018081016434373600.JPG
2018-08-10 16:43:43.539[main]DEBUGcom.imooc.o2o.dao.ShopDao.updateShop-==>  Preparing: UPDATE tb_shop SET shop_name=?, shop_desc=?, shop_addr=?, phone=?, shop_img=?, last_edit_time=?, enable_status=?, advice=?, area_id=?, shop_category_id=? WHERE shop_id=? 
2018-08-10 16:46:55.651[main]DEBUGcom.imooc.o2o.dao.ShopDao.insertShop-==>  Preparing: INSERT INTO tb_shop(owner_id, area_id, shop_category_id, shop_name, shop_desc, shop_addr, phone, shop_img, priority, create_time, last_edit_time, enable_status, advice) VALUE (?, ?, ?, ?, ?, ?, ?, ?, ?, ?, ?, ?, ?) 
2018-08-10 16:46:55.680[main]DEBUGcom.imooc.o2o.dao.ShopDao.insertShop-==> Parameters: 1(Long), 1(Integer), 1(Long), 测试的店铺1(String), test(String), test(String), test(String), null, null, 2018-08-10 16:46:55.636(Timestamp), 2018-08-10 16:46:55.636(Timestamp), 0(Integer), 审核中(String)
2018-08-10 16:46:55.692[main]DEBUGcom.imooc.o2o.dao.ShopDao.insertShop-<==    Updates: 1
2018-08-10 16:46:55.727[main]DEBUGcom.imooc.o2o.util.ImageUtil-current relativeAddr is:upload\item\shop\6\2018081016465573677.JPG
2018-08-10 16:46:55.728[main]DEBUGcom.imooc.o2o.util.ImageUtil-current complete addr is:D:\o2o\image\upload\item\shop\6\2018081016465573677.JPG
2018-08-10 16:46:56.053[main]DEBUGcom.imooc.o2o.dao.ShopDao.updateShop-==>  Preparing: UPDATE tb_shop SET shop_name=?, shop_desc=?, shop_addr=?, phone=?, shop_img=?, last_edit_time=?, enable_status=?, advice=?, area_id=?, shop_category_id=? WHERE shop_id=? 
2018-08-10 16:46:56.054[main]DEBUGcom.imooc.o2o.dao.ShopDao.updateShop-==> Parameters: 测试的店铺1(String), test(String), test(String), test(String), upload\item\shop\6\2018081016465573677.JPG(String), 2018-08-10 16:46:55.636(Timestamp), 0(Integer), 审核中(String), 1(Integer), 1(Long), 6(Long)
2018-08-10 16:46:56.083[main]DEBUGcom.imooc.o2o.dao.ShopDao.updateShop-<==    Updates: 1
2018-08-10 16:55:18.693[main]DEBUGcom.imooc.o2o.dao.ShopDao.insertShop-==>  Preparing: INSERT INTO tb_shop(owner_id, area_id, shop_category_id, shop_name, shop_desc, shop_addr, phone, shop_img, priority, create_time, last_edit_time, enable_status, advice) VALUE (?, ?, ?, ?, ?, ?, ?, ?, ?, ?, ?, ?, ?) 
2018-08-10 16:55:18.722[main]DEBUGcom.imooc.o2o.dao.ShopDao.insertShop-==> Parameters: 1(Long), 1(Integer), 1(Long), 测试的店铺2(String), test(String), test(String), test(String), null, null, 2018-08-10 16:55:18.679(Timestamp), 2018-08-10 16:55:18.679(Timestamp), 0(Integer), 审核中(String)
2018-08-10 16:55:18.771[main]DEBUGcom.imooc.o2o.dao.ShopDao.insertShop-<==    Updates: 1
